This is pdfTeX, Version 3.14159265-2.6-1.40.19 (TeX Live 2018) (preloaded format=latex 2022.1.19)  8 NOV 2022 16:35
entering extended mode
 restricted \write18 enabled.
 %&-line parsing enabled.
**latex problem.tex
(./problem.tex
LaTeX2e <2017-04-15>
Babel <3.17> and hyphenation patterns for 3 language(s) loaded.
! Undefined control sequence.
l.1 \problemname
                {Two Color Problem}
? 
! Interruption.
<to be read again> 
                   {
l.1 \problemname{
                 Two Color Problem}
? /bin/python3 /home/ugrads/majors/yangaapaul/contest/vthscontest/2022/twocolor
fashion/submissions/accepted/godmar.py
Type <return> to proceed, S to scroll future error messages,
R to run without stopping, Q to run quietly,
I to insert something, E to edit your file,
H for help, X to quit.
? exit
 
Here is how much of TeX's memory you used:
 5 strings out of 494918
 127 string characters out of 6180725
 45837 words of memory out of 5000000
 3423 multiletter control sequences out of 15000+600000
 3640 words of font info for 14 fonts, out of 8000000 for 9000
 14 hyphenation exceptions out of 8191
 5i,0n,1p,167b,8s stack positions out of 5000i,500n,10000p,200000b,80000s
No pages of output.
